2025-07-20 10:21:12 Raw input: {"donor_id":"DN686d589f","blood_type":"B+","donation_date":"2025-07-20T08:21:08.275Z","volume":"1"}
2025-07-20 10:21:13 Scheduling background status update for donor_id: DN686d589f
2025-07-20 10:21:13 Donation saved successfully for donor_id: DN686d589f, donation_id: DON20250720102112211
2025-07-20 10:23:11 Raw input: {"donor_id":"DN686d589f","blood_type":"B+","donation_date":"2025-07-20T08:23:03.304Z","volume":"1999"}
2025-07-20 10:23:11 Scheduling background status update for donor_id: DN686d589f
2025-07-20 10:23:12 Donation saved successfully for donor_id: DN686d589f, donation_id: DON20250720102311169
2025-07-20 10:25:35 Raw input: {"donor_id":"DN687a6d5d","blood_type":"A+","donation_date":"2025-07-20T08:25:27.819Z","volume":"888"}
2025-07-20 10:25:35 Scheduling background status update for donor_id: DN687a6d5d
2025-07-20 10:25:35 Donation saved successfully for donor_id: DN687a6d5d, donation_id: DON20250720102535814
[20-Jul-2025 12:01:19 Europe/Berlin] PHP Warning:  require_once(C:\xampp\htdocs\Liveonv2\backend_api\controllers/vendor/autoload.php): Failed to open stream: No such file or directory in C:\xampp\htdocs\Liveonv2\backend_api\controllers\send_verification_email.php on line 23
[20-Jul-2025 12:01:19 Europe/Berlin] PHP Fatal error:  Uncaught Error: Failed opening required 'C:\xampp\htdocs\Liveonv2\backend_api\controllers/vendor/autoload.php' (include_path='C:\xampp\php\PEAR') in C:\xampp\htdocs\Liveonv2\backend_api\controllers\send_verification_email.php:23
Stack trace:
#0 {main}
  thrown in C:\xampp\htdocs\Liveonv2\backend_api\controllers\send_verification_email.php on line 23
[20-Jul-2025 12:02:48 Europe/Berlin] PHP Warning:  require_once(C:\xampp\htdocs\Liveonv2\backend_api\controllers/vendor/autoload.php): Failed to open stream: No such file or directory in C:\xampp\htdocs\Liveonv2\backend_api\controllers\send_verification_email.php on line 23
[20-Jul-2025 12:02:48 Europe/Berlin] PHP Fatal error:  Uncaught Error: Failed opening required 'C:\xampp\htdocs\Liveonv2\backend_api\controllers/vendor/autoload.php' (include_path='C:\xampp\php\PEAR') in C:\xampp\htdocs\Liveonv2\backend_api\controllers\send_verification_email.php:23
Stack trace:
#0 {main}
  thrown in C:\xampp\htdocs\Liveonv2\backend_api\controllers\send_verification_email.php on line 23
[20-Jul-2025 12:18:55 Europe/Berlin] PHP Warning:  require_once(C:\xampp\htdocs\Liveonv2\backend_api\controllers/vendor/autoload.php): Failed to open stream: No such file or directory in C:\xampp\htdocs\Liveonv2\backend_api\controllers\send_verification_email.php on line 23
[20-Jul-2025 12:18:55 Europe/Berlin] PHP Fatal error:  Uncaught Error: Failed opening required 'C:\xampp\htdocs\Liveonv2\backend_api\controllers/vendor/autoload.php' (include_path='C:\xampp\php\PEAR') in C:\xampp\htdocs\Liveonv2\backend_api\controllers\send_verification_email.php:23
Stack trace:
#0 {main}
  thrown in C:\xampp\htdocs\Liveonv2\backend_api\controllers\send_verification_email.php on line 23
[20-Jul-2025 12:25:12 Europe/Berlin] PHP Warning:  require_once(C:\xampp\htdocs\Liveonv2\backend_api\controllers/vendor/autoload.php): Failed to open stream: No such file or directory in C:\xampp\htdocs\Liveonv2\backend_api\controllers\send_verification_email.php on line 23
[20-Jul-2025 12:25:12 Europe/Berlin] PHP Fatal error:  Uncaught Error: Failed opening required 'C:\xampp\htdocs\Liveonv2\backend_api\controllers/vendor/autoload.php' (include_path='C:\xampp\php\PEAR') in C:\xampp\htdocs\Liveonv2\backend_api\controllers\send_verification_email.php:23
Stack trace:
#0 {main}
  thrown in C:\xampp\htdocs\Liveonv2\backend_api\controllers\send_verification_email.php on line 23
[20-Jul-2025 12:27:59 Europe/Berlin] PHP Warning:  require_once(C:\xampp\htdocs\Liveonv2\backend_api\controllers/vendor/autoload.php): Failed to open stream: No such file or directory in C:\xampp\htdocs\Liveonv2\backend_api\controllers\send_verification_email.php on line 23
[20-Jul-2025 12:27:59 Europe/Berlin] PHP Fatal error:  Uncaught Error: Failed opening required 'C:\xampp\htdocs\Liveonv2\backend_api\controllers/vendor/autoload.php' (include_path='C:\xampp\php\PEAR') in C:\xampp\htdocs\Liveonv2\backend_api\controllers\send_verification_email.php:23
Stack trace:
#0 {main}
  thrown in C:\xampp\htdocs\Liveonv2\backend_api\controllers\send_verification_email.php on line 23
[20-Jul-2025 12:29:49 Europe/Berlin] PHP Warning:  require_once(C:\xampp\htdocs\Liveonv2\backend_api\controllers/vendor/autoload.php): Failed to open stream: No such file or directory in C:\xampp\htdocs\Liveonv2\backend_api\controllers\send_verification_email.php on line 23
[20-Jul-2025 12:29:49 Europe/Berlin] PHP Fatal error:  Uncaught Error: Failed opening required 'C:\xampp\htdocs\Liveonv2\backend_api\controllers/vendor/autoload.php' (include_path='C:\xampp\php\PEAR') in C:\xampp\htdocs\Liveonv2\backend_api\controllers\send_verification_email.php:23
Stack trace:
#0 {main}
  thrown in C:\xampp\htdocs\Liveonv2\backend_api\controllers\send_verification_email.php on line 23
[20-Jul-2025 12:30:47 Europe/Berlin] PHP Warning:  require_once(C:\xampp\htdocs\Liveonv2\backend_api\controllers/vendor/autoload.php): Failed to open stream: No such file or directory in C:\xampp\htdocs\Liveonv2\backend_api\controllers\send_verification_email.php on line 23
[20-Jul-2025 12:30:47 Europe/Berlin] PHP Fatal error:  Uncaught Error: Failed opening required 'C:\xampp\htdocs\Liveonv2\backend_api\controllers/vendor/autoload.php' (include_path='C:\xampp\php\PEAR') in C:\xampp\htdocs\Liveonv2\backend_api\controllers\send_verification_email.php:23
Stack trace:
#0 {main}
  thrown in C:\xampp\htdocs\Liveonv2\backend_api\controllers\send_verification_email.php on line 23
[20-Jul-2025 12:31:10 Europe/Berlin] PHP Warning:  require_once(C:\xampp\htdocs\Liveonv2\backend_api\controllers/vendor/autoload.php): Failed to open stream: No such file or directory in C:\xampp\htdocs\Liveonv2\backend_api\controllers\send_verification_email.php on line 23
[20-Jul-2025 12:31:10 Europe/Berlin] PHP Fatal error:  Uncaught Error: Failed opening required 'C:\xampp\htdocs\Liveonv2\backend_api\controllers/vendor/autoload.php' (include_path='C:\xampp\php\PEAR') in C:\xampp\htdocs\Liveonv2\backend_api\controllers\send_verification_email.php:23
Stack trace:
#0 {main}
  thrown in C:\xampp\htdocs\Liveonv2\backend_api\controllers\send_verification_email.php on line 23
[20-Jul-2025 12:38:32 Europe/Berlin] PHP Warning:  require_once(C:\xampp\htdocs\Liveonv2\backend_api\controllers/vendor/autoload.php): Failed to open stream: No such file or directory in C:\xampp\htdocs\Liveonv2\backend_api\controllers\send_verification_email.php on line 23
[20-Jul-2025 12:38:32 Europe/Berlin] PHP Fatal error:  Uncaught Error: Failed opening required 'C:\xampp\htdocs\Liveonv2\backend_api\controllers/vendor/autoload.php' (include_path='C:\xampp\php\PEAR') in C:\xampp\htdocs\Liveonv2\backend_api\controllers\send_verification_email.php:23
Stack trace:
#0 {main}
  thrown in C:\xampp\htdocs\Liveonv2\backend_api\controllers\send_verification_email.php on line 23
[20-Jul-2025 12:38:35 Europe/Berlin] PHP Warning:  require_once(C:\xampp\htdocs\Liveonv2\backend_api\controllers/vendor/autoload.php): Failed to open stream: No such file or directory in C:\xampp\htdocs\Liveonv2\backend_api\controllers\send_verification_email.php on line 23
[20-Jul-2025 12:38:35 Europe/Berlin] PHP Fatal error:  Uncaught Error: Failed opening required 'C:\xampp\htdocs\Liveonv2\backend_api\controllers/vendor/autoload.php' (include_path='C:\xampp\php\PEAR') in C:\xampp\htdocs\Liveonv2\backend_api\controllers\send_verification_email.php:23
Stack trace:
#0 {main}
  thrown in C:\xampp\htdocs\Liveonv2\backend_api\controllers\send_verification_email.php on line 23
[20-Jul-2025 12:40:05 Europe/Berlin] PHP Warning:  require_once(C:\xampp\htdocs\Liveonv2\backend_api\controllers/vendor/autoload.php): Failed to open stream: No such file or directory in C:\xampp\htdocs\Liveonv2\backend_api\controllers\send_verification_email.php on line 23
[20-Jul-2025 12:40:05 Europe/Berlin] PHP Fatal error:  Uncaught Error: Failed opening required 'C:\xampp\htdocs\Liveonv2\backend_api\controllers/vendor/autoload.php' (include_path='C:\xampp\php\PEAR') in C:\xampp\htdocs\Liveonv2\backend_api\controllers\send_verification_email.php:23
Stack trace:
#0 {main}
  thrown in C:\xampp\htdocs\Liveonv2\backend_api\controllers\send_verification_email.php on line 23
[20-Jul-2025 12:51:07 Europe/Berlin] PHP Warning:  require_once(C:\xampp\htdocs\Liveonv2\backend_api\controllers/vendor/autoload.php): Failed to open stream: No such file or directory in C:\xampp\htdocs\Liveonv2\backend_api\controllers\send_verification_email.php on line 23
[20-Jul-2025 12:51:07 Europe/Berlin] PHP Fatal error:  Uncaught Error: Failed opening required 'C:\xampp\htdocs\Liveonv2\backend_api\controllers/vendor/autoload.php' (include_path='C:\xampp\php\PEAR') in C:\xampp\htdocs\Liveonv2\backend_api\controllers\send_verification_email.php:23
Stack trace:
#0 {main}
  thrown in C:\xampp\htdocs\Liveonv2\backend_api\controllers\send_verification_email.php on line 23
[20-Jul-2025 12:52:03 Europe/Berlin] PHP Warning:  require_once(C:\xampp\htdocs\Liveonv2\backend_api\controllers/vendor/autoload.php): Failed to open stream: No such file or directory in C:\xampp\htdocs\Liveonv2\backend_api\controllers\send_verification_email.php on line 23
[20-Jul-2025 12:52:03 Europe/Berlin] PHP Fatal error:  Uncaught Error: Failed opening required 'C:\xampp\htdocs\Liveonv2\backend_api\controllers/vendor/autoload.php' (include_path='C:\xampp\php\PEAR') in C:\xampp\htdocs\Liveonv2\backend_api\controllers\send_verification_email.php:23
Stack trace:
#0 {main}
  thrown in C:\xampp\htdocs\Liveonv2\backend_api\controllers\send_verification_email.php on line 23
[20-Jul-2025 12:56:47 Europe/Berlin] PHP Warning:  require_once(C:\xampp\htdocs\Liveonv2\backend_api\controllers/vendor/autoload.php): Failed to open stream: No such file or directory in C:\xampp\htdocs\Liveonv2\backend_api\controllers\send_verification_email.php on line 23
[20-Jul-2025 12:56:47 Europe/Berlin] PHP Fatal error:  Uncaught Error: Failed opening required 'C:\xampp\htdocs\Liveonv2\backend_api\controllers/vendor/autoload.php' (include_path='C:\xampp\php\PEAR') in C:\xampp\htdocs\Liveonv2\backend_api\controllers\send_verification_email.php:23
Stack trace:
#0 {main}
  thrown in C:\xampp\htdocs\Liveonv2\backend_api\controllers\send_verification_email.php on line 23
[20-Jul-2025 12:59:56 Europe/Berlin] PHP Warning:  require(C:\xampp\htdocs\Liveonv2\backend_api\controllers/vendor/phpmailer/phpmailer/src/PHPMailer.php): Failed to open stream: No such file or directory in C:\xampp\htdocs\Liveonv2\backend_api\controllers\send_verification_email.php on line 25
[20-Jul-2025 12:59:56 Europe/Berlin] PHP Fatal error:  Uncaught Error: Failed opening required 'C:\xampp\htdocs\Liveonv2\backend_api\controllers/vendor/phpmailer/phpmailer/src/PHPMailer.php' (include_path='C:\xampp\php\PEAR') in C:\xampp\htdocs\Liveonv2\backend_api\controllers\send_verification_email.php:25
Stack trace:
#0 {main}
  thrown in C:\xampp\htdocs\Liveonv2\backend_api\controllers\send_verification_email.php on line 25
[20-Jul-2025 13:01:25 Europe/Berlin] PHP Warning:  require(C:\xampp\htdocs\Liveonv2\backend_api\controllers/vendor/phpmailer/phpmailer/src/PHPMailer.php): Failed to open stream: No such file or directory in C:\xampp\htdocs\Liveonv2\backend_api\controllers\send_verification_email.php on line 25
[20-Jul-2025 13:01:25 Europe/Berlin] PHP Fatal error:  Uncaught Error: Failed opening required 'C:\xampp\htdocs\Liveonv2\backend_api\controllers/vendor/phpmailer/phpmailer/src/PHPMailer.php' (include_path='C:\xampp\php\PEAR') in C:\xampp\htdocs\Liveonv2\backend_api\controllers\send_verification_email.php:25
Stack trace:
#0 {main}
  thrown in C:\xampp\htdocs\Liveonv2\backend_api\controllers\send_verification_email.php on line 25
[20-Jul-2025 13:04:34 Europe/Berlin] PHP Warning:  require(C:\xampp\htdocs\Liveonv2\backend_api\controllers/vendor/phpmailer/phpmailer/src/PHPMailer.php): Failed to open stream: No such file or directory in C:\xampp\htdocs\Liveonv2\backend_api\controllers\send_verification_email.php on line 25
[20-Jul-2025 13:04:34 Europe/Berlin] PHP Fatal error:  Uncaught Error: Failed opening required 'C:\xampp\htdocs\Liveonv2\backend_api\controllers/vendor/phpmailer/phpmailer/src/PHPMailer.php' (include_path='C:\xampp\php\PEAR') in C:\xampp\htdocs\Liveonv2\backend_api\controllers\send_verification_email.php:25
Stack trace:
#0 {main}
  thrown in C:\xampp\htdocs\Liveonv2\backend_api\controllers\send_verification_email.php on line 25
[20-Jul-2025 13:04:37 Europe/Berlin] PHP Warning:  require(C:\xampp\htdocs\Liveonv2\backend_api\controllers/vendor/phpmailer/phpmailer/src/PHPMailer.php): Failed to open stream: No such file or directory in C:\xampp\htdocs\Liveonv2\backend_api\controllers\send_verification_email.php on line 25
[20-Jul-2025 13:04:37 Europe/Berlin] PHP Fatal error:  Uncaught Error: Failed opening required 'C:\xampp\htdocs\Liveonv2\backend_api\controllers/vendor/phpmailer/phpmailer/src/PHPMailer.php' (include_path='C:\xampp\php\PEAR') in C:\xampp\htdocs\Liveonv2\backend_api\controllers\send_verification_email.php:25
Stack trace:
#0 {main}
  thrown in C:\xampp\htdocs\Liveonv2\backend_api\controllers\send_verification_email.php on line 25
[20-Jul-2025 13:09:06 Europe/Berlin] PHP Warning:  require(C:\xampp\htdocs\Liveonv2\backend_api\controllers/vendor/phpmailer/phpmailer/src/PHPMailer.php): Failed to open stream: No such file or directory in C:\xampp\htdocs\Liveonv2\backend_api\controllers\send_verification_email.php on line 25
[20-Jul-2025 13:09:06 Europe/Berlin] PHP Fatal error:  Uncaught Error: Failed opening required 'C:\xampp\htdocs\Liveonv2\backend_api\controllers/vendor/phpmailer/phpmailer/src/PHPMailer.php' (include_path='C:\xampp\php\PEAR') in C:\xampp\htdocs\Liveonv2\backend_api\controllers\send_verification_email.php:25
Stack trace:
#0 {main}
  thrown in C:\xampp\htdocs\Liveonv2\backend_api\controllers\send_verification_email.php on line 25
[20-Jul-2025 13:11:17 Europe/Berlin] PHP Warning:  require(C:\xampp\htdocs\Liveonv2\backend_api\controllers/vendor/phpmailer/phpmailer/src/PHPMailer.php): Failed to open stream: No such file or directory in C:\xampp\htdocs\Liveonv2\backend_api\controllers\send_verification_email.php on line 25
[20-Jul-2025 13:11:17 Europe/Berlin] PHP Fatal error:  Uncaught Error: Failed opening required 'C:\xampp\htdocs\Liveonv2\backend_api\controllers/vendor/phpmailer/phpmailer/src/PHPMailer.php' (include_path='C:\xampp\php\PEAR') in C:\xampp\htdocs\Liveonv2\backend_api\controllers\send_verification_email.php:25
Stack trace:
#0 {main}
  thrown in C:\xampp\htdocs\Liveonv2\backend_api\controllers\send_verification_email.php on line 25
[20-Jul-2025 13:12:52 Europe/Berlin] PHP Warning:  require(C:\xampp\htdocs\Liveonv2\backend_api\controllers/vendor/phpmailer/phpmailer/src/PHPMailer.php): Failed to open stream: No such file or directory in C:\xampp\htdocs\Liveonv2\backend_api\controllers\send_verification_email.php on line 31
[20-Jul-2025 13:12:52 Europe/Berlin] PHP Fatal error:  Uncaught Error: Failed opening required 'C:\xampp\htdocs\Liveonv2\backend_api\controllers/vendor/phpmailer/phpmailer/src/PHPMailer.php' (include_path='C:\xampp\php\PEAR') in C:\xampp\htdocs\Liveonv2\backend_api\controllers\send_verification_email.php:31
Stack trace:
#0 {main}
  thrown in C:\xampp\htdocs\Liveonv2\backend_api\controllers\send_verification_email.php on line 31
[20-Jul-2025 13:12:54 Europe/Berlin] PHP Warning:  require(C:\xampp\htdocs\Liveonv2\backend_api\controllers/vendor/phpmailer/phpmailer/src/PHPMailer.php): Failed to open stream: No such file or directory in C:\xampp\htdocs\Liveonv2\backend_api\controllers\send_verification_email.php on line 31
[20-Jul-2025 13:12:54 Europe/Berlin] PHP Fatal error:  Uncaught Error: Failed opening required 'C:\xampp\htdocs\Liveonv2\backend_api\controllers/vendor/phpmailer/phpmailer/src/PHPMailer.php' (include_path='C:\xampp\php\PEAR') in C:\xampp\htdocs\Liveonv2\backend_api\controllers\send_verification_email.php:31
Stack trace:
#0 {main}
  thrown in C:\xampp\htdocs\Liveonv2\backend_api\controllers\send_verification_email.php on line 31
[20-Jul-2025 13:12:54 Europe/Berlin] PHP Warning:  require(C:\xampp\htdocs\Liveonv2\backend_api\controllers/vendor/phpmailer/phpmailer/src/PHPMailer.php): Failed to open stream: No such file or directory in C:\xampp\htdocs\Liveonv2\backend_api\controllers\send_verification_email.php on line 31
[20-Jul-2025 13:12:54 Europe/Berlin] PHP Fatal error:  Uncaught Error: Failed opening required 'C:\xampp\htdocs\Liveonv2\backend_api\controllers/vendor/phpmailer/phpmailer/src/PHPMailer.php' (include_path='C:\xampp\php\PEAR') in C:\xampp\htdocs\Liveonv2\backend_api\controllers\send_verification_email.php:31
Stack trace:
#0 {main}
  thrown in C:\xampp\htdocs\Liveonv2\backend_api\controllers\send_verification_email.php on line 31
[20-Jul-2025 13:30:22 Europe/Berlin] PHP Warning:  require(C:\xampp\htdocs\Liveonv2\backend_api\controllers/vendor/phpmailer/phpmailer/src/PHPMailer.php): Failed to open stream: No such file or directory in C:\xampp\htdocs\Liveonv2\backend_api\controllers\send_verification_email.php on line 31
[20-Jul-2025 13:30:22 Europe/Berlin] PHP Fatal error:  Uncaught Error: Failed opening required 'C:\xampp\htdocs\Liveonv2\backend_api\controllers/vendor/phpmailer/phpmailer/src/PHPMailer.php' (include_path='C:\xampp\php\PEAR') in C:\xampp\htdocs\Liveonv2\backend_api\controllers\send_verification_email.php:31
Stack trace:
#0 {main}
  thrown in C:\xampp\htdocs\Liveonv2\backend_api\controllers\send_verification_email.php on line 31
[20-Jul-2025 13:33:43 Europe/Berlin] PHP Warning:  require(C:\xampp\htdocs\Liveonv2\backend_api\controllers/vendor/phpmailer/phpmailer/src/PHPMailer.php): Failed to open stream: No such file or directory in C:\xampp\htdocs\Liveonv2\backend_api\controllers\send_verification_email.php on line 31
[20-Jul-2025 13:33:43 Europe/Berlin] PHP Fatal error:  Uncaught Error: Failed opening required 'C:\xampp\htdocs\Liveonv2\backend_api\controllers/vendor/phpmailer/phpmailer/src/PHPMailer.php' (include_path='C:\xampp\php\PEAR') in C:\xampp\htdocs\Liveonv2\backend_api\controllers\send_verification_email.php:31
Stack trace:
#0 {main}
  thrown in C:\xampp\htdocs\Liveonv2\backend_api\controllers\send_verification_email.php on line 31
[20-Jul-2025 13:36:18 Europe/Berlin] PHP Warning:  require(C:\xampp\htdocs\Liveonv2\backend_api\controllers/vendor/phpmailer/phpmailer/src/PHPMailer.php): Failed to open stream: No such file or directory in C:\xampp\htdocs\Liveonv2\backend_api\controllers\send_verification_email.php on line 31
[20-Jul-2025 13:36:18 Europe/Berlin] PHP Fatal error:  Uncaught Error: Failed opening required 'C:\xampp\htdocs\Liveonv2\backend_api\controllers/vendor/phpmailer/phpmailer/src/PHPMailer.php' (include_path='C:\xampp\php\PEAR') in C:\xampp\htdocs\Liveonv2\backend_api\controllers\send_verification_email.php:31
Stack trace:
#0 {main}
  thrown in C:\xampp\htdocs\Liveonv2\backend_api\controllers\send_verification_email.php on line 31
[20-Jul-2025 13:36:21 Europe/Berlin] PHP Warning:  require(C:\xampp\htdocs\Liveonv2\backend_api\controllers/vendor/phpmailer/phpmailer/src/PHPMailer.php): Failed to open stream: No such file or directory in C:\xampp\htdocs\Liveonv2\backend_api\controllers\send_verification_email.php on line 31
[20-Jul-2025 13:36:21 Europe/Berlin] PHP Fatal error:  Uncaught Error: Failed opening required 'C:\xampp\htdocs\Liveonv2\backend_api\controllers/vendor/phpmailer/phpmailer/src/PHPMailer.php' (include_path='C:\xampp\php\PEAR') in C:\xampp\htdocs\Liveonv2\backend_api\controllers\send_verification_email.php:31
Stack trace:
#0 {main}
  thrown in C:\xampp\htdocs\Liveonv2\backend_api\controllers\send_verification_email.php on line 31
[20-Jul-2025 13:40:18 Europe/Berlin] Fatal error in send_verification_email.php: SMTP Error: Could not connect to SMTP host. Failed to connect to server
[20-Jul-2025 13:58:27 Europe/Berlin] Fatal error in send_verification_email.php: SMTP Error: Could not connect to SMTP host. Failed to connect to server
